==============================================================================
20180126 12:30:47.763 - INFO - + START SUITE: Acceptancetest [ ]
==============================================================================
20180126 12:30:47.814 - INFO - +- START SUITE: Acceptancetest.HelloWorldTests [ ]
==============================================================================
20180126 12:30:47.818 - INFO - +-- START TEST: Say Hello [ ]
------------------------------------------------------------------------------
20180126 12:30:47.822 - INFO - +--- START KW: keywords.CustomKeywords.Greet Everyone [ ]
20180126 12:30:47.826 - INFO - +--- END KW: keywords.CustomKeywords.Greet Everyone (4)
------------------------------------------------------------------------------
20180126 12:30:47.829 - INFO - +-- END TEST: Say Hello (11)
------------------------------------------------------------------------------
20180126 12:30:47.831 - INFO - +-- START TEST: Say Hello In Pig Latin [ ]
------------------------------------------------------------------------------
20180126 12:30:47.834 - INFO - +--- START KW: keywords.CustomKeywords.Reverse Greet Everyone [ ]
20180126 12:30:47.836 - INFO - +--- END KW: keywords.CustomKeywords.Reverse Greet Everyone (2)
------------------------------------------------------------------------------
20180126 12:30:47.839 - INFO - +-- END TEST: Say Hello In Pig Latin (7)
------------------------------------------------------------------------------
20180126 12:30:47.841 - INFO - +-- START TEST: Make Sure You're Saying Hello [ ]
------------------------------------------------------------------------------
20180126 12:30:47.845 - INFO - +--- START KW: keywords.CustomKeywords.Greet Everyone [ ]
20180126 12:30:47.848 - INFO - ${result} = hello world
20180126 12:30:47.849 - INFO - +--- END KW: keywords.CustomKeywords.Greet Everyone (5)
~~~~~~~~~~~~~~~~~~~~~~~~~~~~~~~~~~~~~~~~~~~~~~~~~~~~~~~~~~~~~~~~~~~~~~~~~~~~~~
20180126 12:30:47.851 - INFO - +--- START KW: BuiltIn.Should Be Equal [ ${result} | hello world ]
20180126 12:30:47.861 - INFO - +--- END KW: BuiltIn.Should Be Equal (10)
------------------------------------------------------------------------------
20180126 12:30:47.865 - INFO - +-- END TEST: Make Sure You're Saying Hello (22)
------------------------------------------------------------------------------
20180126 12:30:47.867 - INFO - +-- START TEST: Make A Test That Fails [ ]
------------------------------------------------------------------------------
20180126 12:30:47.871 - INFO - +--- START KW: keywords.CustomKeywords.Reverse Greet Everyone [ ]
20180126 12:30:47.879 - INFO - ${result} = dlrow olleh
20180126 12:30:47.882 - INFO - +--- END KW: keywords.CustomKeywords.Reverse Greet Everyone (9)
~~~~~~~~~~~~~~~~~~~~~~~~~~~~~~~~~~~~~~~~~~~~~~~~~~~~~~~~~~~~~~~~~~~~~~~~~~~~~~
20180126 12:30:47.884 - INFO - +--- START KW: BuiltIn.Should Be Equal [ ${result} | dlrow olleh ]
20180126 12:30:47.888 - INFO - +--- END KW: BuiltIn.Should Be Equal (5)
------------------------------------------------------------------------------
20180126 12:30:47.892 - INFO - +-- END TEST: Make A Test That Fails (23)
------------------------------------------------------------------------------
20180126 12:30:47.900 - INFO - +- END SUITE: Acceptancetest.HelloWorldTests (127)
==============================================================================
20180126 12:30:47.911 - INFO - + END SUITE: Acceptancetest (428)
==============================================================================
